15:06:01.929 [main] INFO  o.s.boot.SpringApplication - 
  .   ____          _            __ _ _
 /\\ / ___'_ __ _ _(_)_ __  __ _ \ \ \ \
( ( )\___ | '_ | '_| | '_ \/ _` | \ \ \ \
 \\/  ___)| |_)| | | | | || (_| |  ) ) ) )
  '  |____| .__|_| |_|_| |_\__, | / / / /
 =========|_|==============|___/=/_/_/_/
 :: Spring Boot ::                (v3.2.3)


15:06:02.040 [main] INFO  c.s.turnxcel.TurnXCelApplication - Starting TurnXCelApplication using Java 17.0.9 with PID 11488 (C:\Users\Ashtrovert\OneDrive\TurnXCel\target\classes started by Ashtrovert in C:\Users\Ashtrovert\OneDrive\TurnXCel)
15:06:02.053 [main] INFO  c.s.turnxcel.TurnXCelApplication - No active profile set, falling back to 1 default profile: "default"
15:06:03.282 [main] INFO  o.s.b.w.e.tomcat.TomcatWebServer - Tomcat initialized with port 8080 (http)
15:06:03.296 [main] INFO  o.a.coyote.http11.Http11NioProtocol - Initializing ProtocolHandler ["http-nio-8080"]
15:06:03.299 [main] INFO  o.a.catalina.core.StandardService - Starting service [Tomcat]
15:06:03.299 [main] INFO  o.a.catalina.core.StandardEngine - Starting Servlet engine: [Apache Tomcat/10.1.19]
15:06:03.391 [main] INFO  o.a.c.c.C.[Tomcat].[localhost].[/] - Initializing Spring embedded WebApplicationContext
15:06:03.393 [main] INFO  o.s.b.w.s.c.ServletWebServerApplicationContext - Root WebApplicationContext: initialization completed in 1254 ms
15:06:03.519 [main] INFO  o.s.b.a.w.s.WelcomePageHandlerMapping - Adding welcome page: class path resource [static/index.html]
15:06:03.821 [main] INFO  o.a.coyote.http11.Http11NioProtocol - Starting ProtocolHandler ["http-nio-8080"]
15:06:03.847 [main] INFO  o.s.b.w.e.tomcat.TomcatWebServer - Tomcat started on port 8080 (http) with context path ''
15:06:03.859 [main] INFO  c.s.turnxcel.TurnXCelApplication - Started TurnXCelApplication in 2.492 seconds (process running for 3.023)
